[09/Aug/2015 10:13:18] DEBUG [app_board.views:236] mainboard
[09/Aug/2015 10:13:39] DEBUG [app_board.views:236] localhost:8000
[09/Aug/2015 10:14:01] DEBUG [app_board.views:236] []
[09/Aug/2015 11:19:02] DEBUG [app_question.views:59] get category::leather
[09/Aug/2015 11:19:02] DEBUG [app_question.views:60] get state::seoul
[09/Aug/2015 11:19:02] DEBUG [app_question.views:62] (<Category: leather>, False)
[09/Aug/2015 11:19:02] DEBUG [app_question.views:64] (<State: seoul>, False)
[09/Aug/2015 11:20:12] DEBUG [app_question.views:59] get category::leather
[09/Aug/2015 11:20:12] DEBUG [app_question.views:60] get state::seoul
[09/Aug/2015 11:20:12] DEBUG [app_question.views:62] (<Category: leather>, False)
[09/Aug/2015 11:20:12] DEBUG [app_question.views:64] (<State: seoul>, False)
[09/Aug/2015 11:20:59] DEBUG [app_question.views:59] get category::woodword
[09/Aug/2015 11:20:59] DEBUG [app_question.views:60] get state::seoul
[09/Aug/2015 11:20:59] DEBUG [app_question.views:62] (<Category: woodword>, False)
[09/Aug/2015 11:20:59] DEBUG [app_question.views:64] (<State: seoul>, False)
[09/Aug/2015 11:22:36] DEBUG [app_question.views:59] get category::leather
[09/Aug/2015 11:22:36] DEBUG [app_question.views:60] get state::seoul
[09/Aug/2015 11:22:36] DEBUG [app_question.views:62] (<Category: leather>, False)
[09/Aug/2015 11:22:36] DEBUG [app_question.views:64] (<State: seoul>, False)
[09/Aug/2015 11:23:48] DEBUG [app_question.views:59] get category::woodword
[09/Aug/2015 11:23:48] DEBUG [app_question.views:60] get state::seoul
[09/Aug/2015 11:23:48] DEBUG [app_question.views:62] (<Category: woodword>, False)
[09/Aug/2015 11:23:48] DEBUG [app_question.views:64] (<State: seoul>, False)
[09/Aug/2015 11:25:02] DEBUG [app_question.views:59] get category::leather
[09/Aug/2015 11:25:02] DEBUG [app_question.views:60] get state::seoul
[09/Aug/2015 11:25:02] DEBUG [app_question.views:62] (<Category: leather>, False)
[09/Aug/2015 11:25:02] DEBUG [app_question.views:64] (<State: seoul>, False)
[09/Aug/2015 11:29:17] DEBUG [app_question.views:59] get category::leather
[09/Aug/2015 11:29:17] DEBUG [app_question.views:60] get state::seoul
[09/Aug/2015 11:29:17] DEBUG [app_question.views:62] (<Category: leather>, False)
[09/Aug/2015 11:29:17] DEBUG [app_question.views:64] (<State: seoul>, False)
